<?xml version="1.0" encoding="UTF-8"?>
<debugging-solutions>
  <metadata>
    <timestamp>2025-10-03T20:20:00Z</timestamp>
    <version>1.0</version>
    <scenario>Integration Test Scenario 5</scenario>
  </metadata>
  <solution id="DEBUG-001">
    <level>2</level>
    <problem-description>React component re-rendering excessively on state updates causing performance degradation</problem-description>
    <symptoms>
      <symptom>UI sluggish when typing in form fields</symptom>
      <symptom>React DevTools showing 20+ re-renders per keystroke</symptom>
      <symptom>Parent component re-rendering all child components unnecessarily</symptom>
    </symptoms>
    <root-cause>useEffect hook missing dependency array, causing effect to run on every render. Parent component not memoizing callback functions passed to children.</root-cause>
    <diagnosis-steps>
      <step>1. Enabled React DevTools Profiler to identify re-render frequency</step>
      <step>2. Added console.log statements to component render methods</step>
      <step>3. Identified useEffect without dependency array in parent component</step>
      <step>4. Discovered callback functions being recreated on every render</step>
    </diagnosis-steps>
    <fix-applied>
      <change>Added proper dependency array to useEffect: useEffect(() => {...}, [dependency1, dependency2])</change>
      <change>Wrapped callback functions in useCallback with dependency arrays</change>
      <change>Applied React.memo to expensive child components</change>
      <change>Used useMemo for expensive computed values</change>
    </fix-applied>
    <code-example>
      // Before:
      function ParentComponent() {
        useEffect(() => {
          fetchData();
        }); // Missing dependency array - runs every render

        const handleClick = () => {...}; // Recreated every render

        return &lt;ChildComponent onClick={handleClick} /&gt;;
      }

      // After:
      function ParentComponent() {
        useEffect(() => {
          fetchData();
        }, []); // Empty array - runs only once

        const handleClick = useCallback(() => {...}, []); // Memoized

        return &lt;MemoizedChild onClick={handleClick} /&gt;;
      }

      const MemoizedChild = React.memo(ChildComponent);
    </code-example>
    <outcome>Re-renders reduced from 20+ per keystroke to 1. UI responsive, typing performance smooth. Profiler shows 95% reduction in render time.</outcome>
    <evidence>Before: 250ms render time, After: 12ms render time</evidence>
    <applicable-to>
      <scenario>React applications with complex component trees</scenario>
      <scenario>Forms with multiple input fields</scenario>
      <scenario>Data-heavy dashboards with frequent state updates</scenario>
    </applicable-to>
    <project-origin>customer-dashboard project (2025-09-15)</project-origin>
    <reuse-count>0</reuse-count>
    <tags>
      <tag>react</tag>
      <tag>performance</tag>
      <tag>optimization</tag>
      <tag>hooks</tag>
      <tag>memoization</tag>
    </tags>
  </solution>
  <solution id="DEBUG-002">
    <level>3</level>
    <problem-description>JWT token validation failing intermittently with "invalid signature" error despite correct secret</problem-description>
    <symptoms>
      <symptom>Token validation succeeds sometimes, fails other times with same token</symptom>
      <symptom>Error rate increases under load (multiple concurrent requests)</symptom>
      <symptom>No pattern to failures - appears random</symptom>
    </symptoms>
    <root-cause>JWT secret being read asynchronously from environment variable, race condition when multiple requests hit middleware simultaneously before secret is loaded.</root-cause>
    <diagnosis-steps>
      <step>1. Added extensive logging to JWT validation middleware</step>
      <step>2. Discovered secret variable sometimes undefined in validation function</step>
      <step>3. Traced to async environment variable loading in middleware initialization</step>
      <step>4. Confirmed race condition with load testing (100 concurrent requests)</step>
    </diagnosis-steps>
    <fix-applied>
      <change>Moved JWT secret loading to application startup (synchronous initialization)</change>
      <change>Added validation that secret exists before starting server</change>
      <change>Implemented fail-fast startup if JWT_SECRET environment variable missing</change>
      <change>Added server-level error handling for missing critical configuration</change>
    </fix-applied>
    <code-example>
      // Before:
      const authMiddleware = async (req, res, next) => {
        const secret = process.env.JWT_SECRET; // Race condition - may be undefined
        const token = req.headers.authorization;
        jwt.verify(token, secret, callback); // Fails if secret undefined
      };

      // After:
      // In app initialization:
      if (!process.env.JWT_SECRET) {
        throw new Error('JWT_SECRET environment variable required');
      }
      const JWT_SECRET = process.env.JWT_SECRET;

      const authMiddleware = (req, res, next) => {
        const token = req.headers.authorization;
        jwt.verify(token, JWT_SECRET, callback); // Always has secret
      };
    </code-example>
    <outcome>100% success rate in token validation. Zero intermittent failures under load. Server fails fast at startup if misconfigured rather than failing unpredictably at runtime.</outcome>
    <evidence>Load test: 10,000 requests, 0 failures (previously 3-5% failure rate)</evidence>
    <applicable-to>
      <scenario>Authentication middleware in Node.js applications</scenario>
      <scenario>Any async resource loading during request handling</scenario>
      <scenario>High-concurrency API servers</scenario>
    </applicable-to>
    <project-origin>test-auth-service project (2025-10-03)</project-origin>
    <reuse-count>0</reuse-count>
    <tags>
      <tag>jwt</tag>
      <tag>authentication</tag>
      <tag>race-condition</tag>
      <tag>concurrency</tag>
      <tag>nodejs</tag>
    </tags>
  </solution>
</debugging-solutions>
