<?xml version="1.0" encoding="UTF-8"?>
<test-strategies>
  <metadata>
    <last-updated>TIMESTAMP</last-updated>
    <version>1.0</version>
  </metadata>
  <strategies>
    <strategy>
      <id></id>
      <name></name>
      <type></type>
      <project-types>
        <project-type></project-type>
      </project-types>
      <description></description>
      <approach>
        <phase></phase>
        <testing-levels>
          <level>
            <name></name>
            <description></description>
            <tools>
              <tool></tool>
            </tools>
            <coverage-target></coverage-target>
          </level>
        </testing-levels>
      </approach>
      <tdd-integration>
        <specification-phase></specification-phase>
        <test-generation></test-generation>
        <implementation-phase></implementation-phase>
        <refactoring-phase></refactoring-phase>
      </tdd-integration>
      <examples>
        <example>
          <scenario></scenario>
          <test-code></test-code>
          <implementation></implementation>
        </example>
      </examples>
      <effectiveness-metrics>
        <bug-detection-rate></bug-detection-rate>
        <false-positive-rate></false-positive-rate>
        <maintenance-cost></maintenance-cost>
      </effectiveness-metrics>
    </strategy>
  </strategies>
  <test-patterns>
    <pattern>
      <name></name>
      <category></category>
      <when-to-use></when-to-use>
      <implementation></implementation>
    </pattern>
  </test-patterns>
</test-strategies>
