<?xml version="1.0" encoding="UTF-8"?>
<todowrite-status>
  <metadata>
    <timestamp>2025-10-03T20:15:00Z</timestamp>
    <version>1.0</version>
    <scenario>Integration Test Scenario 4</scenario>
  </metadata>
  <project>test-auth-service</project>
  <session-id>AUTH-SERVICE-SESSION-001</session-id>
  <tasks total="5" completed="2" in-progress="1" pending="2">
    <task id="1">
      <content>Setup Express.js project structure with TypeScript</content>
      <status>completed</status>
      <activeForm>Setting up Express.js project structure with TypeScript</activeForm>
      <completed-timestamp>2025-10-03T17:30:00Z</completed-timestamp>
      <evidence>
        <file>package.json created with dependencies</file>
        <file>tsconfig.json configured for Node.js environment</file>
        <file>src/ directory structure created</file>
      </evidence>
    </task>
    <task id="2">
      <content>Create database schema for users table</content>
      <status>completed</status>
      <activeForm>Creating database schema for users table</activeForm>
      <completed-timestamp>2025-10-03T18:00:00Z</completed-timestamp>
      <evidence>
        <file>migrations/001_create_users_table.sql created</file>
        <file>Users table with id, email, password_hash, created_at, updated_at columns</file>
        <file>Unique constraint on email column</file>
      </evidence>
    </task>
    <task id="3">
      <content>Implement JWT authentication middleware</content>
      <status>in-progress</status>
      <activeForm>Implementing JWT authentication middleware</activeForm>
      <started-timestamp>2025-10-03T18:30:00Z</started-timestamp>
      <progress>
        <completed-subtask>JWT utility functions for token generation and validation</completed-subtask>
        <completed-subtask>Middleware skeleton created with request/response typing</completed-subtask>
        <pending-subtask>Token verification logic and error handling</pending-subtask>
        <pending-subtask>Integration tests for middleware</pending-subtask>
      </progress>
    </task>
    <task id="4">
      <content>Add user registration endpoint with validation</content>
      <status>pending</status>
      <activeForm>Adding user registration endpoint with validation</activeForm>
      <dependencies>
        <dependency task-id="3">JWT middleware must be complete for route protection</dependency>
        <dependency>Password strength requirements (PENDING CLARIFICATION - tracked in UNCERT-002)</dependency>
      </dependencies>
    </task>
    <task id="5">
      <content>Write comprehensive integration tests</content>
      <status>pending</status>
      <activeForm>Writing comprehensive integration tests</activeForm>
      <dependencies>
        <dependency task-id="3">JWT middleware implementation</dependency>
        <dependency task-id="4">User registration endpoint</dependency>
      </dependencies>
      <estimated-effort>45-60 minutes</estimated-effort>
    </task>
  </tasks>
  <blockers>
    <blocker id="UNCERT-002" status="open">
      <description>Password strength requirements undefined</description>
      <impacts>Task 4 (user registration endpoint validation logic)</impacts>
      <reference>See /memories/protocol-compliance/test-scenario-3-uncertainty.xml</reference>
    </blocker>
  </blockers>
  <progress-metrics>
    <completion-percentage>40</completion-percentage>
    <time-elapsed>150 minutes</time-elapsed>
    <estimated-remaining>120 minutes</estimated-remaining>
  </progress-metrics>
</todowrite-status>
