<?xml version="1.0" encoding="UTF-8"?>
<session>
  <metadata>
    <timestamp>2025-10-03T20:00:00Z</timestamp>
    <version>1.0</version>
    <scenario>Integration Test Scenario 1</scenario>
  </metadata>
  <project>test-auth-service</project>
  <phase>Implementation - Phase 7</phase>
  <current-task>Implementing JWT authentication middleware (Level 3)</current-task>
  <todo-status>3 of 8 tasks completed</todo-status>
  <tasks>
    <task status="completed">Setup Express.js project structure</task>
    <task status="completed">Create database schema for users</task>
    <task status="completed">Implement password hashing with bcrypt</task>
    <task status="in-progress">Build JWT authentication middleware</task>
    <task status="pending">Add token refresh mechanism</task>
    <task status="pending">Implement rate limiting</task>
    <task status="pending">Write integration tests</task>
    <task status="pending">Deploy to staging environment</task>
  </tasks>
  <decisions>
    <decision>
      <description>Selected JWT over session-based auth</description>
      <rationale>Better for microservices architecture, stateless design</rationale>
      <timestamp>2025-10-03T18:30:00Z</timestamp>
    </decision>
    <decision>
      <description>Token expiry set to 15 minutes (900 seconds)</description>
      <rationale>Client requirement for security compliance</rationale>
      <timestamp>2025-10-03T19:00:00Z</timestamp>
    </decision>
  </decisions>
  <last-action>Added JWT validation logic to middleware, testing token generation</last-action>
  <next-step>Complete middleware testing, then implement token refresh endpoint</next-step>
  <blockers>
    <blocker status="resolved">
      <description>Unclear token expiry requirement</description>
      <resolution>Client confirmed 15 minutes</resolution>
      <resolved-at>2025-10-03T19:00:00Z</resolved-at>
    </blocker>
  </blockers>
  <files-modified>
    <file>src/middleware/auth.ts</file>
    <file>src/utils/jwt.ts</file>
    <file>src/models/user.ts</file>
    <file>tests/auth.test.ts</file>
  </files-modified>
</session>
