<?xml version="1.0" encoding="UTF-8"?>
<handoff-log>
  <metadata>
    <timestamp>2025-10-03T20:05:00Z</timestamp>
    <version>1.0</version>
    <scenario>Integration Test Scenario 2</scenario>
  </metadata>
  <handoff id="TEST-001">
    <timestamp>2025-10-03T20:05:00Z</timestamp>
    <from>spec-architect</from>
    <to>backend-developer</to>
    <task>Implement RESTful API endpoints for user management system</task>
    <context>
      <decisions>
        <decision>Selected Express.js with TypeScript for API framework</decision>
        <decision>JWT authentication pattern with 15-minute expiry established</decision>
        <decision>PostgreSQL database with connection pooling (max 20 connections)</decision>
        <decision>Input validation using Joi schema validation library</decision>
        <decision>Error handling middleware with standardized error response format</decision>
      </decisions>
      <files>
        <file path="/docs/architecture.md">System architecture and technology stack decisions</file>
        <file path="/memories/project-knowledge/test-auth-service/architecture.xml">Detailed architecture patterns</file>
        <file path="/src/config/database.ts">Database configuration template</file>
        <file path="/src/types/user.ts">User type definitions</file>
      </files>
      <dependencies>
        <dependency status="complete">Database schema must be created (DONE: users table with bcrypt password hashing)</dependency>
        <dependency status="complete">Authentication middleware designed (DONE: JWT validation pattern established)</dependency>
        <dependency status="pending">Rate limiting configuration needed before deployment</dependency>
      </dependencies>
      <technical-specifications>
        <spec>All endpoints must return JSON with consistent schema</spec>
        <spec>Input validation on all POST/PUT/PATCH routes (Joi validation)</spec>
        <spec>Error responses follow RFC 7807 Problem Details format</spec>
        <spec>Authentication required on all routes except /auth/login and /auth/register</spec>
        <spec>CORS configured for allowed origins only (no wildcard in production)</spec>
      </technical-specifications>
    </context>
    <success-criteria>
      <criterion priority="critical">All CRUD endpoints functional (POST /users, GET /users/:id, PUT /users/:id, DELETE /users/:id)</criterion>
      <criterion priority="critical">Input validation on all routes with appropriate error messages</criterion>
      <criterion priority="high">Unit tests with minimum 90% code coverage</criterion>
      <criterion priority="high">Integration tests covering happy path and error scenarios</criterion>
      <criterion priority="medium">API documentation generated with OpenAPI/Swagger</criterion>
      <criterion priority="medium">Performance: All endpoints respond under 200ms for typical requests</criterion>
    </success-criteria>
    <constraints>
      <law-compliance law="1A">Stop immediately if authentication pattern is unclear or requirements ambiguous</law-compliance>
      <law-compliance law="1B">Zero tolerance for specification drift - must implement exact RFC 7807 error format</law-compliance>
      <law-compliance law="2">Follow Security-First protocol: validate inputs, sanitize outputs, audit logging</law-compliance>
      <law-compliance law="4">Use Level 2-3 changes only (targeted enhancements, focused features) - no Level 4+ without approval</law-compliance>
      <tech-debt>Maximum 20% new technical debt allowed for this feature</tech-debt>
      <tech-debt>Must document any shortcuts taken with business justification</tech-debt>
    </constraints>
    <status>in-progress</status>
    <received-by>backend-developer</received-by>
    <received-timestamp>2025-10-03T20:06:00Z</received-timestamp>
    <acknowledgment>
      <context-quality>High - Complete context package with clear success criteria and constraints</context-quality>
      <missing-information>None - All prerequisites met, can proceed with implementation</missing-information>
      <estimated-completion>2025-10-03T22:00:00Z</estimated-completion>
    </acknowledgment>
  </handoff>
</handoff-log>
